[debug] [2024-06-10T13:44:58.457Z] ----------------------------------------------------------------------
[debug] [2024-06-10T13:44:58.460Z] Command:       C:\Program Files\nodejs\node.exe C:\Users\Admin\AppData\Roaming\npm\node_modules\firebase-tools\lib\bin\firebase.js emulators:start
[debug] [2024-06-10T13:44:58.460Z] CLI Version:   13.11.2
[debug] [2024-06-10T13:44:58.460Z] Platform:      win32
[debug] [2024-06-10T13:44:58.460Z] Node Version:  v20.11.1
[debug] [2024-06-10T13:44:58.461Z] Time:          Mon Jun 10 2024 20:44:58 GMT+0700 (Indochina Time)
[debug] [2024-06-10T13:44:58.461Z] ----------------------------------------------------------------------
[debug] 
[debug] [2024-06-10T13:44:58.589Z] > command requires scopes: ["email","openid","https://www.googleapis.com/auth/cloudplatformprojects.readonly","https://www.googleapis.com/auth/firebase","https://www.googleapis.com/auth/cloud-platform"]
[debug] [2024-06-10T13:44:58.589Z] > authorizing via signed-in user (anacelol123@gmail.com)
[debug] [2024-06-10T13:44:58.748Z] java version "17.0.10" 2024-01-16 LTS

[debug] [2024-06-10T13:44:58.748Z] Java(TM) SE Runtime Environment (build 17.0.10+11-LTS-240)
Java HotSpot(TM) 64-Bit Server VM (build 17.0.10+11-LTS-240, mixed mode, sharing)

[debug] [2024-06-10T13:44:58.773Z] Parsed Java major version: 17
[info] i  emulators: Starting emulators: auth, functions, firestore {"metadata":{"emulator":{"name":"hub"},"message":"Starting emulators: auth, functions, firestore"}}
[debug] [2024-06-10T13:44:58.786Z] [logging] Logging Emulator only supports listening on one address (127.0.0.1). Not listening on ::1
[debug] [2024-06-10T13:44:58.786Z] [auth] Authentication Emulator only supports listening on one address (127.0.0.1). Not listening on ::1
[debug] [2024-06-10T13:44:58.786Z] [firestore] Firestore Emulator only supports listening on one address (127.0.0.1). Not listening on ::1
[debug] [2024-06-10T13:44:58.786Z] [firestore.websocket] websocket server for firestore only supports listening on one address (127.0.0.1). Not listening on ::1
[debug] [2024-06-10T13:44:58.786Z] assigned listening specs for emulators {"user":{"hub":[{"address":"127.0.0.1","family":"IPv4","port":4400},{"address":"::1","family":"IPv6","port":4400}],"ui":[{"address":"127.0.0.1","family":"IPv4","port":4000},{"address":"::1","family":"IPv6","port":4000}],"logging":[{"address":"127.0.0.1","family":"IPv4","port":4500}],"auth":[{"address":"127.0.0.1","family":"IPv4","port":9099}],"firestore":[{"address":"127.0.0.1","family":"IPv4","port":8080}],"firestore.websocket":[{"address":"127.0.0.1","family":"IPv4","port":9150}]},"metadata":{"message":"assigned listening specs for emulators"}}
[debug] [2024-06-10T13:44:58.792Z] [hub] writing locator at C:\Users\Admin\AppData\Local\Temp\hub-book-catalog-690bc.json
[debug] [2024-06-10T13:44:58.800Z] [functions] Functions Emulator only supports listening on one address (127.0.0.1). Not listening on ::1
[debug] [2024-06-10T13:44:58.800Z] [eventarc] Eventarc Emulator only supports listening on one address (127.0.0.1). Not listening on ::1
[debug] [2024-06-10T13:44:58.800Z] late-assigned ports for functions and eventarc emulators {"user":{"hub":[{"address":"127.0.0.1","family":"IPv4","port":4400},{"address":"::1","family":"IPv6","port":4400}],"ui":[{"address":"127.0.0.1","family":"IPv4","port":4000},{"address":"::1","family":"IPv6","port":4000}],"logging":[{"address":"127.0.0.1","family":"IPv4","port":4500}],"auth":[{"address":"127.0.0.1","family":"IPv4","port":9099}],"firestore":[{"address":"127.0.0.1","family":"IPv4","port":8080}],"firestore.websocket":[{"address":"127.0.0.1","family":"IPv4","port":9150}],"functions":[{"address":"127.0.0.1","family":"IPv4","port":5001}],"eventarc":[{"address":"127.0.0.1","family":"IPv4","port":9299}]},"metadata":{"message":"late-assigned ports for functions and eventarc emulators"}}
[warn] !  functions: The following emulators are not running, calls to these services from the Functions emulator will affect production: database, hosting, pubsub, storage, dataconnect {"metadata":{"emulator":{"name":"functions"},"message":"The following emulators are not running, calls to these services from the Functions emulator will affect production: \u001b[1mdatabase, hosting, pubsub, storage, dataconnect\u001b[22m"}}
[debug] [2024-06-10T13:44:58.804Z] defaultcredentials: writing to file C:\Users\Admin\AppData\Roaming\firebase\anacelol123_gmail_com_application_default_credentials.json
[debug] [2024-06-10T13:44:58.806Z] Setting GAC to C:\Users\Admin\AppData\Roaming\firebase\anacelol123_gmail_com_application_default_credentials.json {"metadata":{"emulator":{"name":"functions"},"message":"Setting GAC to C:\\Users\\Admin\\AppData\\Roaming\\firebase\\anacelol123_gmail_com_application_default_credentials.json"}}
[debug] [2024-06-10T13:44:58.808Z] >>> [apiv2][query] GET https://firebase.googleapis.com/v1beta1/projects/book-catalog-690bc/adminSdkConfig [none]
[debug] [2024-06-10T13:44:59.239Z] <<< [apiv2][status] GET https://firebase.googleapis.com/v1beta1/projects/book-catalog-690bc/adminSdkConfig 200
[debug] [2024-06-10T13:44:59.239Z] <<< [apiv2][body] GET https://firebase.googleapis.com/v1beta1/projects/book-catalog-690bc/adminSdkConfig {"projectId":"book-catalog-690bc","storageBucket":"book-catalog-690bc.appspot.com"}
[debug] [2024-06-10T13:44:59.254Z] Ignoring unsupported arg: auto_download {"metadata":{"emulator":{"name":"firestore"},"message":"Ignoring unsupported arg: auto_download"}}
[debug] [2024-06-10T13:44:59.255Z] Ignoring unsupported arg: single_project_mode_error {"metadata":{"emulator":{"name":"firestore"},"message":"Ignoring unsupported arg: single_project_mode_error"}}
[debug] [2024-06-10T13:44:59.255Z] Starting Firestore Emulator with command {"binary":"java","args":["-Dgoogle.cloud_firestore.debug_log_level=FINE","-Duser.language=en","-jar","C:\\Users\\Admin\\.cache\\firebase\\emulators\\cloud-firestore-emulator-v1.19.7.jar","--host","127.0.0.1","--port",8080,"--websocket_port",9150,"--project_id","book-catalog-690bc","--rules","D:\\Udemy\\Web Development\\Javascript\\book-catalog\\firestore.rules","--single_project_mode",true,"--functions_emulator","127.0.0.1:5001"],"optionalArgs":["port","webchannel_port","host","rules","websocket_port","functions_emulator","seed_from_export","project_id","single_project_mode"],"joinArgs":false,"shell":false} {"metadata":{"emulator":{"name":"firestore"},"message":"Starting Firestore Emulator with command {\"binary\":\"java\",\"args\":[\"-Dgoogle.cloud_firestore.debug_log_level=FINE\",\"-Duser.language=en\",\"-jar\",\"C:\\\\Users\\\\Admin\\\\.cache\\\\firebase\\\\emulators\\\\cloud-firestore-emulator-v1.19.7.jar\",\"--host\",\"127.0.0.1\",\"--port\",8080,\"--websocket_port\",9150,\"--project_id\",\"book-catalog-690bc\",\"--rules\",\"D:\\\\Udemy\\\\Web Development\\\\Javascript\\\\book-catalog\\\\firestore.rules\",\"--single_project_mode\",true,\"--functions_emulator\",\"127.0.0.1:5001\"],\"optionalArgs\":[\"port\",\"webchannel_port\",\"host\",\"rules\",\"websocket_port\",\"functions_emulator\",\"seed_from_export\",\"project_id\",\"single_project_mode\"],\"joinArgs\":false,\"shell\":false}"}}
[info] i  firestore: Firestore Emulator logging to firestore-debug.log {"metadata":{"emulator":{"name":"firestore"},"message":"Firestore Emulator logging to \u001b[1mfirestore-debug.log\u001b[22m"}}
[info] +  firestore: Firestore Emulator UI websocket is running on 9150. {"metadata":{"emulator":{"name":"firestore"},"message":"Firestore Emulator UI websocket is running on 9150."}}
[info] i  ui: downloading ui-v1.12.1.zip... {"metadata":{"emulator":{"name":"ui"},"message":"downloading ui-v1.12.1.zip..."}}
[debug] [2024-06-10T13:45:07.147Z] >>> [apiv2][query] GET https://storage.googleapis.com/firebase-preview-drop/emulator/ui-v1.12.1.zip 
[debug] [2024-06-10T13:45:07.456Z] <<< [apiv2][status] GET https://storage.googleapis.com/firebase-preview-drop/emulator/ui-v1.12.1.zip 200
[debug] [2024-06-10T13:45:07.456Z] <<< [apiv2][body] GET https://storage.googleapis.com/firebase-preview-drop/emulator/ui-v1.12.1.zip [stream]
[debug] [2024-06-10T13:45:07.776Z] Data is 3498269
[debug] [2024-06-10T13:45:07.776Z] [unzip] Entry: client/ (compressed_size=0 bytes, uncompressed_size=0 bytes)
[debug] [2024-06-10T13:45:07.776Z] [unzip] Processing entry: client\
[debug] [2024-06-10T13:45:07.776Z] [unzip] mkdir: C:\Users\Admin\.cache\firebase\emulators\ui-v1.12.1\client\
[debug] [2024-06-10T13:45:07.777Z] [unzip] Entry: client/favicon.ico (compressed_size=2933 bytes, uncompressed_size=13294 bytes)
[debug] [2024-06-10T13:45:07.777Z] [unzip] Processing entry: client\favicon.ico
[debug] [2024-06-10T13:45:07.777Z] [unzip] else mkdir: C:\Users\Admin\.cache\firebase\emulators\ui-v1.12.1\client
[debug] [2024-06-10T13:45:07.777Z] [unzip] deflating: C:\Users\Admin\.cache\firebase\emulators\ui-v1.12.1\client\favicon.ico
[debug] [2024-06-10T13:45:07.781Z] [unzip] Entry: client/mstile-150x150.png (compressed_size=2034 bytes, uncompressed_size=2034 bytes)
[debug] [2024-06-10T13:45:07.781Z] [unzip] Processing entry: client\mstile-150x150.png
[debug] [2024-06-10T13:45:07.781Z] [unzip] else mkdir: C:\Users\Admin\.cache\firebase\emulators\ui-v1.12.1\client
[debug] [2024-06-10T13:45:07.782Z] [unzip] Writing file: C:\Users\Admin\.cache\firebase\emulators\ui-v1.12.1\client\mstile-150x150.png
[debug] [2024-06-10T13:45:07.783Z] [unzip] Entry: client/favicon-16x16.png (compressed_size=293 bytes, uncompressed_size=293 bytes)
[debug] [2024-06-10T13:45:07.783Z] [unzip] Processing entry: client\favicon-16x16.png
[debug] [2024-06-10T13:45:07.783Z] [unzip] else mkdir: C:\Users\Admin\.cache\firebase\emulators\ui-v1.12.1\client
[debug] [2024-06-10T13:45:07.783Z] [unzip] Writing file: C:\Users\Admin\.cache\firebase\emulators\ui-v1.12.1\client\favicon-16x16.png
[debug] [2024-06-10T13:45:07.783Z] [unzip] Entry: client/favicon-32x32.png (compressed_size=475 bytes, uncompressed_size=475 bytes)
[debug] [2024-06-10T13:45:07.784Z] [unzip] Processing entry: client\favicon-32x32.png
[debug] [2024-06-10T13:45:07.784Z] [unzip] else mkdir: C:\Users\Admin\.cache\firebase\emulators\ui-v1.12.1\client
[debug] [2024-06-10T13:45:07.784Z] [unzip] Writing file: C:\Users\Admin\.cache\firebase\emulators\ui-v1.12.1\client\favicon-32x32.png
[debug] [2024-06-10T13:45:07.784Z] [unzip] Entry: client/manifest.json (compressed_size=245 bytes, uncompressed_size=551 bytes)
[debug] [2024-06-10T13:45:07.784Z] [unzip] Processing entry: client\manifest.json
[debug] [2024-06-10T13:45:07.784Z] [unzip] else mkdir: C:\Users\Admin\.cache\firebase\emulators\ui-v1.12.1\client
[debug] [2024-06-10T13:45:07.785Z] [unzip] deflating: C:\Users\Admin\.cache\firebase\emulators\ui-v1.12.1\client\manifest.json
[debug] [2024-06-10T13:45:07.785Z] [unzip] Entry: client/index.html (compressed_size=1365 bytes, uncompressed_size=3071 bytes)
[debug] [2024-06-10T13:45:07.785Z] [unzip] Processing entry: client\index.html
[debug] [2024-06-10T13:45:07.785Z] [unzip] else mkdir: C:\Users\Admin\.cache\firebase\emulators\ui-v1.12.1\client
[debug] [2024-06-10T13:45:07.786Z] [unzip] deflating: C:\Users\Admin\.cache\firebase\emulators\ui-v1.12.1\client\index.html
[debug] [2024-06-10T13:45:07.787Z] [unzip] Entry: client/robots.txt (compressed_size=26 bytes, uncompressed_size=26 bytes)
[debug] [2024-06-10T13:45:07.787Z] [unzip] Processing entry: client\robots.txt
[debug] [2024-06-10T13:45:07.787Z] [unzip] else mkdir: C:\Users\Admin\.cache\firebase\emulators\ui-v1.12.1\client
[debug] [2024-06-10T13:45:07.787Z] [unzip] Writing file: C:\Users\Admin\.cache\firebase\emulators\ui-v1.12.1\client\robots.txt
[debug] [2024-06-10T13:45:07.787Z] [unzip] Entry: client/android-chrome-512x512.png (compressed_size=5369 bytes, uncompressed_size=5411 bytes)
[debug] [2024-06-10T13:45:07.787Z] [unzip] Processing entry: client\android-chrome-512x512.png
[debug] [2024-06-10T13:45:07.787Z] [unzip] else mkdir: C:\Users\Admin\.cache\firebase\emulators\ui-v1.12.1\client
[debug] [2024-06-10T13:45:07.788Z] [unzip] deflating: C:\Users\Admin\.cache\firebase\emulators\ui-v1.12.1\client\android-chrome-512x512.png
[debug] [2024-06-10T13:45:07.788Z] [unzip] Entry: client/assets/ (compressed_size=0 bytes, uncompressed_size=0 bytes)
[debug] [2024-06-10T13:45:07.788Z] [unzip] Processing entry: client\assets\
[debug] [2024-06-10T13:45:07.788Z] [unzip] mkdir: C:\Users\Admin\.cache\firebase\emulators\ui-v1.12.1\client\assets\
[debug] [2024-06-10T13:45:07.788Z] [unzip] Entry: client/assets/img/ (compressed_size=0 bytes, uncompressed_size=0 bytes)
[debug] [2024-06-10T13:45:07.788Z] [unzip] Processing entry: client\assets\img\
[debug] [2024-06-10T13:45:07.789Z] [unzip] mkdir: C:\Users\Admin\.cache\firebase\emulators\ui-v1.12.1\client\assets\img\
[debug] [2024-06-10T13:45:07.789Z] [unzip] Entry: client/assets/img/database.png (compressed_size=29449 bytes, uncompressed_size=29988 bytes)
[debug] [2024-06-10T13:45:07.789Z] [unzip] Processing entry: client\assets\img\database.png
[debug] [2024-06-10T13:45:07.789Z] [unzip] else mkdir: C:\Users\Admin\.cache\firebase\emulators\ui-v1.12.1\client\assets\img
[debug] [2024-06-10T13:45:07.789Z] [unzip] deflating: C:\Users\Admin\.cache\firebase\emulators\ui-v1.12.1\client\assets\img\database.png
[debug] [2024-06-10T13:45:07.790Z] [unzip] Entry: client/assets/provider-icons/ (compressed_size=0 bytes, uncompressed_size=0 bytes)
[debug] [2024-06-10T13:45:07.790Z] [unzip] Processing entry: client\assets\provider-icons\
[debug] [2024-06-10T13:45:07.790Z] [unzip] mkdir: C:\Users\Admin\.cache\firebase\emulators\ui-v1.12.1\client\assets\provider-icons\
[debug] [2024-06-10T13:45:07.790Z] [unzip] Entry: client/assets/provider-icons/auth_service_play_games.svg (compressed_size=565 bytes, uncompressed_size=1173 bytes)
[debug] [2024-06-10T13:45:07.790Z] [unzip] Processing entry: client\assets\provider-icons\auth_service_play_games.svg
[debug] [2024-06-10T13:45:07.790Z] [unzip] else mkdir: C:\Users\Admin\.cache\firebase\emulators\ui-v1.12.1\client\assets\provider-icons
[debug] [2024-06-10T13:45:07.790Z] [unzip] deflating: C:\Users\Admin\.cache\firebase\emulators\ui-v1.12.1\client\assets\provider-icons\auth_service_play_games.svg
[debug] [2024-06-10T13:45:07.791Z] [unzip] Entry: client/assets/provider-icons/auth_service_game_center.svg (compressed_size=991 bytes, uncompressed_size=3921 bytes)
[debug] [2024-06-10T13:45:07.791Z] [unzip] Processing entry: client\assets\provider-icons\auth_service_game_center.svg
[debug] [2024-06-10T13:45:07.791Z] [unzip] else mkdir: C:\Users\Admin\.cache\firebase\emulators\ui-v1.12.1\client\assets\provider-icons
[debug] [2024-06-10T13:45:07.792Z] [unzip] deflating: C:\Users\Admin\.cache\firebase\emulators\ui-v1.12.1\client\assets\provider-icons\auth_service_game_center.svg
[debug] [2024-06-10T13:45:07.792Z] [unzip] Entry: client/assets/provider-icons/auth_service_google.svg (compressed_size=409 bytes, uncompressed_size=720 bytes)
[debug] [2024-06-10T13:45:07.792Z] [unzip] Processing entry: client\assets\provider-icons\auth_service_google.svg
[debug] [2024-06-10T13:45:07.792Z] [unzip] else mkdir: C:\Users\Admin\.cache\firebase\emulators\ui-v1.12.1\client\assets\provider-icons
[debug] [2024-06-10T13:45:07.793Z] [unzip] deflating: C:\Users\Admin\.cache\firebase\emulators\ui-v1.12.1\client\assets\provider-icons\auth_service_google.svg
[debug] [2024-06-10T13:45:07.794Z] [unzip] Entry: client/assets/provider-icons/auth_service_yahoo.svg (compressed_size=577 bytes, uncompressed_size=1182 bytes)
[debug] [2024-06-10T13:45:07.794Z] [unzip] Processing entry: client\assets\provider-icons\auth_service_yahoo.svg
[debug] [2024-06-10T13:45:07.794Z] [unzip] else mkdir: C:\Users\Admin\.cache\firebase\emulators\ui-v1.12.1\client\assets\provider-icons
[debug] [2024-06-10T13:45:07.794Z] [unzip] deflating: C:\Users\Admin\.cache\firebase\emulators\ui-v1.12.1\client\assets\provider-icons\auth_service_yahoo.svg
[debug] [2024-06-10T13:45:07.795Z] [unzip] Entry: client/assets/provider-icons/auth_service_email.svg (compressed_size=228 bytes, uncompressed_size=326 bytes)
[debug] [2024-06-10T13:45:07.795Z] [unzip] Processing entry: client\assets\provider-icons\auth_service_email.svg
[debug] [2024-06-10T13:45:07.796Z] [unzip] else mkdir: C:\Users\Admin\.cache\firebase\emulators\ui-v1.12.1\client\assets\provider-icons
[debug] [2024-06-10T13:45:07.796Z] [unzip] deflating: C:\Users\Admin\.cache\firebase\emulators\ui-v1.12.1\client\assets\provider-icons\auth_service_email.svg
[debug] [2024-06-10T13:45:07.797Z] [unzip] Entry: client/assets/provider-icons/auth_service_saml.svg (compressed_size=575 bytes, uncompressed_size=1226 bytes)
[debug] [2024-06-10T13:45:07.797Z] [unzip] Processing entry: client\assets\provider-icons\auth_service_saml.svg
[debug] [2024-06-10T13:45:07.797Z] [unzip] else mkdir: C:\Users\Admin\.cache\firebase\emulators\ui-v1.12.1\client\assets\provider-icons
[debug] [2024-06-10T13:45:07.797Z] [unzip] deflating: C:\Users\Admin\.cache\firebase\emulators\ui-v1.12.1\client\assets\provider-icons\auth_service_saml.svg
[debug] [2024-06-10T13:45:07.798Z] [unzip] Entry: client/assets/provider-icons/auth_service_oidc.svg (compressed_size=414 bytes, uncompressed_size=858 bytes)
[debug] [2024-06-10T13:45:07.798Z] [unzip] Processing entry: client\assets\provider-icons\auth_service_oidc.svg
[debug] [2024-06-10T13:45:07.798Z] [unzip] else mkdir: C:\Users\Admin\.cache\firebase\emulators\ui-v1.12.1\client\assets\provider-icons
[debug] [2024-06-10T13:45:07.798Z] [unzip] deflating: C:\Users\Admin\.cache\firebase\emulators\ui-v1.12.1\client\assets\provider-icons\auth_service_oidc.svg
[debug] [2024-06-10T13:45:07.799Z] [unzip] Entry: client/assets/provider-icons/auth_service_facebook.svg (compressed_size=289 bytes, uncompressed_size=457 bytes)
[debug] [2024-06-10T13:45:07.799Z] [unzip] Processing entry: client\assets\provider-icons\auth_service_facebook.svg
[debug] [2024-06-10T13:45:07.799Z] [unzip] else mkdir: C:\Users\Admin\.cache\firebase\emulators\ui-v1.12.1\client\assets\provider-icons
[debug] [2024-06-10T13:45:07.799Z] [unzip] deflating: C:\Users\Admin\.cache\firebase\emulators\ui-v1.12.1\client\assets\provider-icons\auth_service_facebook.svg
[debug] [2024-06-10T13:45:07.800Z] [unzip] Entry: client/assets/provider-icons/auth_service_github.svg (compressed_size=466 bytes, uncompressed_size=838 bytes)
[debug] [2024-06-10T13:45:07.800Z] [unzip] Processing entry: client\assets\provider-icons\auth_service_github.svg
[debug] [2024-06-10T13:45:07.800Z] [unzip] else mkdir: C:\Users\Admin\.cache\firebase\emulators\ui-v1.12.1\client\assets\provider-icons
[debug] [2024-06-10T13:45:07.800Z] [unzip] deflating: C:\Users\Admin\.cache\firebase\emulators\ui-v1.12.1\client\assets\provider-icons\auth_service_github.svg
[debug] [2024-06-10T13:45:07.800Z] [unzip] Entry: client/assets/provider-icons/auth_service_phone.svg (compressed_size=261 bytes, uncompressed_size=414 bytes)
[debug] [2024-06-10T13:45:07.800Z] [unzip] Processing entry: client\assets\provider-icons\auth_service_phone.svg
[debug] [2024-06-10T13:45:07.801Z] [unzip] else mkdir: C:\Users\Admin\.cache\firebase\emulators\ui-v1.12.1\client\assets\provider-icons
[debug] [2024-06-10T13:45:07.801Z] [unzip] deflating: C:\Users\Admin\.cache\firebase\emulators\ui-v1.12.1\client\assets\provider-icons\auth_service_phone.svg
[debug] [2024-06-10T13:45:07.801Z] [unzip] Entry: client/assets/provider-icons/auth_service_apple.svg (compressed_size=230 bytes, uncompressed_size=334 bytes)
[debug] [2024-06-10T13:45:07.802Z] [unzip] Processing entry: client\assets\provider-icons\auth_service_apple.svg
[debug] [2024-06-10T13:45:07.802Z] [unzip] else mkdir: C:\Users\Admin\.cache\firebase\emulators\ui-v1.12.1\client\assets\provider-icons
[debug] [2024-06-10T13:45:07.802Z] [unzip] deflating: C:\Users\Admin\.cache\firebase\emulators\ui-v1.12.1\client\assets\provider-icons\auth_service_apple.svg
[debug] [2024-06-10T13:45:07.802Z] [unzip] Entry: client/assets/provider-icons/auth_service_twitter.svg (compressed_size=444 bytes, uncompressed_size=751 bytes)
[debug] [2024-06-10T13:45:07.802Z] [unzip] Processing entry: client\assets\provider-icons\auth_service_twitter.svg
[debug] [2024-06-10T13:45:07.802Z] [unzip] else mkdir: C:\Users\Admin\.cache\firebase\emulators\ui-v1.12.1\client\assets\provider-icons
[debug] [2024-06-10T13:45:07.802Z] [unzip] deflating: C:\Users\Admin\.cache\firebase\emulators\ui-v1.12.1\client\assets\provider-icons\auth_service_twitter.svg
[debug] [2024-06-10T13:45:07.803Z] [unzip] Entry: client/assets/provider-icons/auth_service_mslive.svg (compressed_size=203 bytes, uncompressed_size=378 bytes)
[debug] [2024-06-10T13:45:07.803Z] [unzip] Processing entry: client\assets\provider-icons\auth_service_mslive.svg
[debug] [2024-06-10T13:45:07.803Z] [unzip] else mkdir: C:\Users\Admin\.cache\firebase\emulators\ui-v1.12.1\client\assets\provider-icons
[debug] [2024-06-10T13:45:07.803Z] [unzip] deflating: C:\Users\Admin\.cache\firebase\emulators\ui-v1.12.1\client\assets\provider-icons\auth_service_mslive.svg
[debug] [2024-06-10T13:45:07.804Z] [unzip] Entry: client/assets/extensions/ (compressed_size=0 bytes, uncompressed_size=0 bytes)
[debug] [2024-06-10T13:45:07.804Z] [unzip] Processing entry: client\assets\extensions\
[debug] [2024-06-10T13:45:07.804Z] [unzip] mkdir: C:\Users\Admin\.cache\firebase\emulators\ui-v1.12.1\client\assets\extensions\
[debug] [2024-06-10T13:45:07.804Z] [unzip] Entry: client/assets/extensions/default-extension.png (compressed_size=1646 bytes, uncompressed_size=1657 bytes)
[debug] [2024-06-10T13:45:07.804Z] [unzip] Processing entry: client\assets\extensions\default-extension.png
[debug] [2024-06-10T13:45:07.804Z] [unzip] else mkdir: C:\Users\Admin\.cache\firebase\emulators\ui-v1.12.1\client\assets\extensions
[debug] [2024-06-10T13:45:07.804Z] [unzip] deflating: C:\Users\Admin\.cache\firebase\emulators\ui-v1.12.1\client\assets\extensions\default-extension.png
[debug] [2024-06-10T13:45:07.805Z] [unzip] Entry: client/assets/index-Cj5I7867.css (compressed_size=35786 bytes, uncompressed_size=297937 bytes)
[debug] [2024-06-10T13:45:07.805Z] [unzip] Processing entry: client\assets\index-Cj5I7867.css
[debug] [2024-06-10T13:45:07.805Z] [unzip] else mkdir: C:\Users\Admin\.cache\firebase\emulators\ui-v1.12.1\client\assets
[debug] [2024-06-10T13:45:07.805Z] [unzip] deflating: C:\Users\Admin\.cache\firebase\emulators\ui-v1.12.1\client\assets\index-Cj5I7867.css
[debug] [2024-06-10T13:45:07.808Z] [unzip] Entry: client/assets/index-JXEx31eZ.js (compressed_size=563896 bytes, uncompressed_size=2020866 bytes)
[debug] [2024-06-10T13:45:07.808Z] [unzip] Processing entry: client\assets\index-JXEx31eZ.js
[debug] [2024-06-10T13:45:07.808Z] [unzip] else mkdir: C:\Users\Admin\.cache\firebase\emulators\ui-v1.12.1\client\assets
[debug] [2024-06-10T13:45:07.808Z] [unzip] deflating: C:\Users\Admin\.cache\firebase\emulators\ui-v1.12.1\client\assets\index-JXEx31eZ.js
[debug] [2024-06-10T13:45:07.825Z] [unzip] Entry: client/assets/index-JXEx31eZ.js.map (compressed_size=2229196 bytes, uncompressed_size=9596104 bytes)
[debug] [2024-06-10T13:45:07.825Z] [unzip] Processing entry: client\assets\index-JXEx31eZ.js.map
[debug] [2024-06-10T13:45:07.825Z] [unzip] else mkdir: C:\Users\Admin\.cache\firebase\emulators\ui-v1.12.1\client\assets
[debug] [2024-06-10T13:45:07.825Z] [unzip] deflating: C:\Users\Admin\.cache\firebase\emulators\ui-v1.12.1\client\assets\index-JXEx31eZ.js.map
[debug] [2024-06-10T13:45:07.902Z] [unzip] Entry: client/safari-pinned-tab.svg (compressed_size=1433 bytes, uncompressed_size=2611 bytes)
[debug] [2024-06-10T13:45:07.902Z] [unzip] Processing entry: client\safari-pinned-tab.svg
[debug] [2024-06-10T13:45:07.902Z] [unzip] else mkdir: C:\Users\Admin\.cache\firebase\emulators\ui-v1.12.1\client
[debug] [2024-06-10T13:45:07.903Z] [unzip] deflating: C:\Users\Admin\.cache\firebase\emulators\ui-v1.12.1\client\safari-pinned-tab.svg
[debug] [2024-06-10T13:45:07.903Z] [unzip] Entry: client/browserconfig.xml (compressed_size=491 bytes, uncompressed_size=822 bytes)
[debug] [2024-06-10T13:45:07.904Z] [unzip] Processing entry: client\browserconfig.xml
[debug] [2024-06-10T13:45:07.904Z] [unzip] else mkdir: C:\Users\Admin\.cache\firebase\emulators\ui-v1.12.1\client
[debug] [2024-06-10T13:45:07.904Z] [unzip] deflating: C:\Users\Admin\.cache\firebase\emulators\ui-v1.12.1\client\browserconfig.xml
[debug] [2024-06-10T13:45:07.904Z] [unzip] Entry: client/android-chrome-192x192.png (compressed_size=2684 bytes, uncompressed_size=2684 bytes)
[debug] [2024-06-10T13:45:07.904Z] [unzip] Processing entry: client\android-chrome-192x192.png
[debug] [2024-06-10T13:45:07.904Z] [unzip] else mkdir: C:\Users\Admin\.cache\firebase\emulators\ui-v1.12.1\client
[debug] [2024-06-10T13:45:07.905Z] [unzip] Writing file: C:\Users\Admin\.cache\firebase\emulators\ui-v1.12.1\client\android-chrome-192x192.png
[debug] [2024-06-10T13:45:07.905Z] [unzip] Entry: client/apple-touch-icon.png (compressed_size=2123 bytes, uncompressed_size=2152 bytes)
[debug] [2024-06-10T13:45:07.905Z] [unzip] Processing entry: client\apple-touch-icon.png
[debug] [2024-06-10T13:45:07.905Z] [unzip] else mkdir: C:\Users\Admin\.cache\firebase\emulators\ui-v1.12.1\client
[debug] [2024-06-10T13:45:07.905Z] [unzip] deflating: C:\Users\Admin\.cache\firebase\emulators\ui-v1.12.1\client\apple-touch-icon.png
[debug] [2024-06-10T13:45:07.906Z] [unzip] Entry: server/ (compressed_size=0 bytes, uncompressed_size=0 bytes)
[debug] [2024-06-10T13:45:07.906Z] [unzip] Processing entry: server\
[debug] [2024-06-10T13:45:07.906Z] [unzip] mkdir: C:\Users\Admin\.cache\firebase\emulators\ui-v1.12.1\server\
[debug] [2024-06-10T13:45:07.906Z] [unzip] Entry: server/server.mjs.map (compressed_size=286219 bytes, uncompressed_size=1310517 bytes)
[debug] [2024-06-10T13:45:07.906Z] [unzip] Processing entry: server\server.mjs.map
[debug] [2024-06-10T13:45:07.906Z] [unzip] else mkdir: C:\Users\Admin\.cache\firebase\emulators\ui-v1.12.1\server
[debug] [2024-06-10T13:45:07.906Z] [unzip] deflating: C:\Users\Admin\.cache\firebase\emulators\ui-v1.12.1\server\server.mjs.map
[debug] [2024-06-10T13:45:07.917Z] [unzip] Entry: server/assets/ (compressed_size=0 bytes, uncompressed_size=0 bytes)
[debug] [2024-06-10T13:45:07.917Z] [unzip] Processing entry: server\assets\
[debug] [2024-06-10T13:45:07.917Z] [unzip] mkdir: C:\Users\Admin\.cache\firebase\emulators\ui-v1.12.1\server\assets\
[debug] [2024-06-10T13:45:07.917Z] [unzip] Entry: server/assets/multipart-parser-n20ATYm_.mjs.map (compressed_size=4790 bytes, uncompressed_size=17920 bytes)
[debug] [2024-06-10T13:45:07.917Z] [unzip] Processing entry: server\assets\multipart-parser-n20ATYm_.mjs.map
[debug] [2024-06-10T13:45:07.917Z] [unzip] else mkdir: C:\Users\Admin\.cache\firebase\emulators\ui-v1.12.1\server\assets
[debug] [2024-06-10T13:45:07.917Z] [unzip] deflating: C:\Users\Admin\.cache\firebase\emulators\ui-v1.12.1\server\assets\multipart-parser-n20ATYm_.mjs.map
[debug] [2024-06-10T13:45:07.918Z] [unzip] Entry: server/assets/multipart-parser-n20ATYm_.mjs (compressed_size=2625 bytes, uncompressed_size=10428 bytes)
[debug] [2024-06-10T13:45:07.918Z] [unzip] Processing entry: server\assets\multipart-parser-n20ATYm_.mjs
[debug] [2024-06-10T13:45:07.918Z] [unzip] else mkdir: C:\Users\Admin\.cache\firebase\emulators\ui-v1.12.1\server\assets
[debug] [2024-06-10T13:45:07.919Z] [unzip] deflating: C:\Users\Admin\.cache\firebase\emulators\ui-v1.12.1\server\assets\multipart-parser-n20ATYm_.mjs
[debug] [2024-06-10T13:45:07.919Z] [unzip] Entry: server/server.mjs (compressed_size=311497 bytes, uncompressed_size=1147307 bytes)
[debug] [2024-06-10T13:45:07.919Z] [unzip] Processing entry: server\server.mjs
[debug] [2024-06-10T13:45:07.919Z] [unzip] else mkdir: C:\Users\Admin\.cache\firebase\emulators\ui-v1.12.1\server
[debug] [2024-06-10T13:45:07.919Z] [unzip] deflating: C:\Users\Admin\.cache\firebase\emulators\ui-v1.12.1\server\server.mjs
[debug] [2024-06-10T13:45:07.930Z] Ignoring unsupported arg: auto_download {"metadata":{"emulator":{"name":"ui"},"message":"Ignoring unsupported arg: auto_download"}}
[debug] [2024-06-10T13:45:07.930Z] Ignoring unsupported arg: port {"metadata":{"emulator":{"name":"ui"},"message":"Ignoring unsupported arg: port"}}
[debug] [2024-06-10T13:45:07.930Z] Starting Emulator UI with command {"binary":"node","args":["C:\\Users\\Admin\\.cache\\firebase\\emulators\\ui-v1.12.1\\server\\server.mjs"],"optionalArgs":[],"joinArgs":false,"shell":false} {"metadata":{"emulator":{"name":"ui"},"message":"Starting Emulator UI with command {\"binary\":\"node\",\"args\":[\"C:\\\\Users\\\\Admin\\\\.cache\\\\firebase\\\\emulators\\\\ui-v1.12.1\\\\server\\\\server.mjs\"],\"optionalArgs\":[],\"joinArgs\":false,\"shell\":false}"}}
[info] i  ui: Emulator UI logging to ui-debug.log {"metadata":{"emulator":{"name":"ui"},"message":"Emulator UI logging to \u001b[1mui-debug.log\u001b[22m"}}
[debug] [2024-06-10T13:45:08.098Z] Web / API server started at 127.0.0.1:4000
 {"metadata":{"emulator":{"name":"ui"},"message":"Web / API server started at 127.0.0.1:4000\n"}}
[debug] [2024-06-10T13:45:08.098Z] Web / API server started at ::1:4000
 {"metadata":{"emulator":{"name":"ui"},"message":"Web / API server started at ::1:4000\n"}}
[info] i  functions: Watching "D:\Udemy\Web Development\Javascript\book-catalog\firebase\functions" for Cloud Functions... {"metadata":{"emulator":{"name":"functions"},"message":"Watching \"D:\\Udemy\\Web Development\\Javascript\\book-catalog\\firebase\\functions\" for Cloud Functions..."}}
[error] !!  functions: Failed to load function definition from source: FirebaseError: could not deploy functions because the "firebase\functions" directory was not found. Please create it or specify a different source directory in firebase.json {"metadata":{"emulator":{"name":"functions"},"message":"Failed to load function definition from source: FirebaseError: could not deploy functions because the \u001b[1m\"firebase\\functions\"\u001b[22m directory was not found. Please create it or specify a different source directory in firebase.json"}}
[info] 
┌─────────────────────────────────────────────────────────────┐
│ ✔  All emulators ready! It is now safe to connect your app. │
│ i  View Emulator UI at http://127.0.0.1:4000/               │
└─────────────────────────────────────────────────────────────┘

┌────────────────┬────────────────┬─────────────────────────────────┐
│ Emulator       │ Host:Port      │ View in Emulator UI             │
├────────────────┼────────────────┼─────────────────────────────────┤
│ Authentication │ 127.0.0.1:9099 │ http://127.0.0.1:4000/auth      │
├────────────────┼────────────────┼─────────────────────────────────┤
│ Functions      │ 127.0.0.1:5001 │ http://127.0.0.1:4000/functions │
├────────────────┼────────────────┼─────────────────────────────────┤
│ Firestore      │ 127.0.0.1:8080 │ http://127.0.0.1:4000/firestore │
└────────────────┴────────────────┴─────────────────────────────────┘
  Emulator Hub running at 127.0.0.1:4400
  Other reserved ports: 4500, 9150

Issues? Report them at https://github.com/firebase/firebase-tools/issues and attach the *-debug.log files.
 
